BrahuiYorubaSimulation1
0 -1386.5230911058 -1291.0878517065 138.3125864454 0.0000201956
BrahuiYorubaSimulation2
0 -1314.5838719359 -1269.5622877134 138.3125864454 0.0000201956
BrahuiYorubaSimulation3
0 -1323.7260968895 -1336.4346189120 138.3125864454 0.0000201956
BrahuiYorubaSimulation4
0 -1591.5016922128 -1335.8060780987 138.3125864454 0.0000201956
BrahuiYorubaSimulation5
0 -1513.4151400697 -1040.0744475679 138.3125864454 0.0000201956
BrahuiYorubaSimulation6
0 -1038.3344223490 -1299.6392428012 138.3125864454 0.0000201956
BrahuiYorubaSimulation7
0 -1255.5721114296 -1176.7443299962 138.3125864454 0.0000201956
BrahuiYorubaSimulation8
0 -1248.9564425716 -1195.4926270402 138.3125864454 0.0000201956
BrahuiYorubaSimulation9
0 -1108.9525346112 -1133.3661747684 138.3125864454 0.0000201956
BrahuiYorubaSimulation10
0 -1316.1611798136 -1230.6912203369 138.3125864454 0.0000201956
